\BOOKMARK [0][]{chapter*.2}{Summary}{}% 1
\BOOKMARK [0][]{chapter*.3}{Preface}{}% 2
\BOOKMARK [0][]{chapter*.4}{Acknowledgements}{}% 3
\BOOKMARK [0][]{section*.5}{Contents}{}% 4
\BOOKMARK [0][]{section*.6}{Todo\040list}{}% 5
\BOOKMARK [0][]{section*.8}{List\040of\040Figures}{}% 6
\BOOKMARK [0][]{section*.9}{List\040of\040Tables}{}% 7
\BOOKMARK [0][]{chapter.1}{1\040Introduction}{}% 8
\BOOKMARK [1][]{section.1.1}{1.1\040Previous\040work}{chapter.1}% 9
\BOOKMARK [1][]{section.1.2}{1.2\040Problem\040formulation}{chapter.1}% 10
\BOOKMARK [1][]{section.1.3}{1.3\040Problem\040limitation}{chapter.1}% 11
\BOOKMARK [1][]{section.1.4}{1.4\040Example\040of\040use\040case}{chapter.1}% 12
\BOOKMARK [1][]{section.1.5}{1.5\040Outline\040of\040this\040thesis}{chapter.1}% 13
\BOOKMARK [0][]{chapter.2}{2\040Analysis}{}% 14
\BOOKMARK [1][]{section.2.1}{2.1\040Background}{chapter.2}% 15
\BOOKMARK [1][]{section.2.2}{2.2\040Platform\040for\040Tethered\040UAV}{chapter.2}% 16
\BOOKMARK [1][]{section.2.3}{2.3\040Power\040line}{chapter.2}% 17
\BOOKMARK [1][]{section.2.4}{2.4\040Tension\040force\040in\040the\040Cable}{chapter.2}% 18
\BOOKMARK [2][]{section*.17}{Modelling\040the\040tension\040in\040the\040free\040hanging\040cable}{section.2.4}% 19
\BOOKMARK [3][]{section*.20}{Horizontal\040Angular\040Force\040Measurement}{section*.17}% 20
\BOOKMARK [3][]{section*.22}{Tree\040Dimensional\040Force\040Measurement\040at\040the\040UAV}{section*.17}% 21
\BOOKMARK [2][]{section*.24}{Loadcell}{section.2.4}% 22
\BOOKMARK [2][]{section*.25}{Data\040Connection}{section.2.4}% 23
\BOOKMARK [1][]{section.2.5}{2.5\040Design\040Requirement\040Specification}{chapter.2}% 24
\BOOKMARK [0][]{chapter.3}{3\040Prototype}{}% 25
\BOOKMARK [1][]{section.3.1}{3.1\040Landing\040platform\040/\040Helipad}{chapter.3}% 26
\BOOKMARK [1][]{section.3.2}{3.2\040Messuring\040the\040horisontal\040angle}{chapter.3}% 27
\BOOKMARK [2][]{section*.29}{Testing}{section.3.2}% 28
\BOOKMARK [2][]{section*.37}{Summary}{section.3.2}% 29
\BOOKMARK [1][]{section.3.3}{3.3\040Winching\040and\040storing\040the\040cable}{chapter.3}% 30
\BOOKMARK [2][]{section*.38}{Storing\040cable\040on\040a\040drum}{section.3.3}% 31
\BOOKMARK [2][]{section*.45}{The\040Simple\040Winch}{section.3.3}% 32
\BOOKMARK [2][]{section*.47}{Summary}{section.3.3}% 33
\BOOKMARK [1][]{section.3.4}{3.4\040Cable\040Connection\040point\040on\040the\040UAV}{chapter.3}% 34
\BOOKMARK [1][]{section.3.5}{3.5\040Electrical\040Design}{chapter.3}% 35
\BOOKMARK [2][]{section*.51}{Ground\040Station}{section.3.5}% 36
\BOOKMARK [2][]{section*.53}{UAV\040System}{section.3.5}% 37
\BOOKMARK [2][]{section*.55}{Data\040Connection\040using\040Ethernet\040over\040Power\040line}{section.3.5}% 38
\BOOKMARK [1][]{section.3.6}{3.6\040Software\040Design}{chapter.3}% 39
\BOOKMARK [2][]{section*.57}{Ground\040Control\040Station}{section.3.6}% 40
\BOOKMARK [2][]{section*.59}{Flight\040Control\040System}{section.3.6}% 41
\BOOKMARK [0][]{chapter.4}{4\040Conclusion}{}% 42
\BOOKMARK [1][]{section.4.1}{4.1\040Further\040Work}{chapter.4}% 43
\BOOKMARK [2][]{section*.63}{RHD\040Link}{section.4.1}% 44
\BOOKMARK [2][]{section*.64}{Serial\040connection\040to\040PixHawk}{section.4.1}% 45
\BOOKMARK [0][]{appendix.A}{A\040Symbols\040and\040Acronyms}{}% 46
\BOOKMARK [1][]{section.A.1}{A.1\040Acronyms}{appendix.A}% 47
\BOOKMARK [1][]{section.A.2}{A.2\040Symbols}{appendix.A}% 48
\BOOKMARK [0][]{appendix.B}{B\040Beagle\040Bone\040Setup}{}% 49
\BOOKMARK [1][]{section.B.1}{B.1\040usblib}{appendix.B}% 50
\BOOKMARK [1][]{section.B.2}{B.2\040libphidget}{appendix.B}% 51
\BOOKMARK [1][]{section.B.3}{B.3\040Networking}{appendix.B}% 52
\BOOKMARK [1][]{section.B.4}{B.4\040GPIO}{appendix.B}% 53
\BOOKMARK [1][]{section.B.5}{B.5\040PWM}{appendix.B}% 54
\BOOKMARK [1][]{section.B.6}{B.6\040SPI}{appendix.B}% 55
\BOOKMARK [1][]{section.B.7}{B.7\040Wire\040connections}{appendix.B}% 56
\BOOKMARK [1][]{section.B.8}{B.8\040General\040notes}{appendix.B}% 57
\BOOKMARK [0][]{appendix.C}{C\040Robot\040Hardware\040Daemon}{}% 58
\BOOKMARK [1][]{section.C.1}{C.1\040Plugins}{appendix.C}% 59
\BOOKMARK [2][]{section*.67}{PhidgetsBridge2}{section.C.1}% 60
\BOOKMARK [2][]{section*.68}{TCUAV}{section.C.1}% 61
\BOOKMARK [2][]{section*.70}{FCS}{section.C.1}% 62
\BOOKMARK [2][]{section*.71}{RHDLink}{section.C.1}% 63
\BOOKMARK [2][]{section*.72}{Joycontrol}{section.C.1}% 64
\BOOKMARK [0][]{appendix.D}{D\040CAD\040Design}{}% 65
\BOOKMARK [1][]{section*.74}{Horizontal\040angle\040messurement\040device}{appendix.D}% 66
\BOOKMARK [2][]{section*.75}{The\040Simple\040Winch}{section*.74}% 67
\BOOKMARK [2][]{section*.76}{The\040Cable\040Drum}{section*.74}% 68
\BOOKMARK [2][]{section*.77}{Helipad}{section*.74}% 69
\BOOKMARK [1][]{section.D.1}{D.1\040UAV}{appendix.D}% 70
\BOOKMARK [0][]{section*.78}{Bibliography}{}% 71
